{"name":"hexo","hostname":"luoxianmingdeMacBook-Pro.local","pid":5189,"level":20,"msg":"Writing database to /Users/roman/blog/db.json","time":"2020-10-11T05:54:27.871Z","v":0}
{"name":"hexo","hostname":"luoxianmingdeMacBook-Pro.local","pid":5189,"level":20,"msg":"Hexo version: \u001b[35m4.2.0\u001b[39m","time":"2020-10-11T05:54:27.880Z","v":0}
{"name":"hexo","hostname":"luoxianmingdeMacBook-Pro.local","pid":5189,"level":20,"msg":"Working directory: \u001b[35m~/blog/\u001b[39m","time":"2020-10-11T05:54:27.881Z","v":0}
{"name":"hexo","hostname":"luoxianmingdeMacBook-Pro.local","pid":5189,"level":20,"msg":"Config loaded: \u001b[35m~/blog/_config.yml\u001b[39m","time":"2020-10-11T05:54:27.960Z","v":0}
{"name":"hexo","hostname":"luoxianmingdeMacBook-Pro.local","pid":5189,"level":20,"msg":"Plugin loaded: \u001b[35mhexo-deployer-git\u001b[39m","time":"2020-10-11T05:54:28.036Z","v":0}
{"name":"hexo","hostname":"luoxianmingdeMacBook-Pro.local","pid":5189,"level":20,"msg":"Plugin loaded: \u001b[35mhexo-generator-archive\u001b[39m","time":"2020-10-11T05:54:28.037Z","v":0}
{"name":"hexo","hostname":"luoxianmingdeMacBook-Pro.local","pid":5189,"level":20,"msg":"Plugin loaded: \u001b[35mhexo-generator-index\u001b[39m","time":"2020-10-11T05:54:28.038Z","v":0}
{"name":"hexo","hostname":"luoxianmingdeMacBook-Pro.local","pid":5189,"level":20,"msg":"Plugin loaded: \u001b[35mhexo-generator-category\u001b[39m","time":"2020-10-11T05:54:28.038Z","v":0}
{"name":"hexo","hostname":"luoxianmingdeMacBook-Pro.local","pid":5189,"level":20,"msg":"Plugin loaded: \u001b[35mhexo-generator-searchdb\u001b[39m","time":"2020-10-11T05:54:28.051Z","v":0}
{"name":"hexo","hostname":"luoxianmingdeMacBook-Pro.local","pid":5189,"level":20,"msg":"Plugin loaded: \u001b[35mhexo-generator-tag\u001b[39m","time":"2020-10-11T05:54:28.051Z","v":0}
{"name":"hexo","hostname":"luoxianmingdeMacBook-Pro.local","pid":5189,"level":20,"msg":"Plugin loaded: \u001b[35mhexo-renderer-ejs\u001b[39m","time":"2020-10-11T05:54:28.053Z","v":0}
{"name":"hexo","hostname":"luoxianmingdeMacBook-Pro.local","pid":5189,"level":20,"msg":"Plugin loaded: \u001b[35mhexo-renderer-marked\u001b[39m","time":"2020-10-11T05:54:28.083Z","v":0}
{"name":"hexo","hostname":"luoxianmingdeMacBook-Pro.local","pid":5189,"level":20,"msg":"Plugin loaded: \u001b[35mhexo-renderer-stylus\u001b[39m","time":"2020-10-11T05:54:28.134Z","v":0}
{"name":"hexo","hostname":"luoxianmingdeMacBook-Pro.local","pid":5189,"level":20,"msg":"Plugin loaded: \u001b[35mhexo-server\u001b[39m","time":"2020-10-11T05:54:28.183Z","v":0}
{"name":"hexo","hostname":"luoxianmingdeMacBook-Pro.local","pid":5189,"level":20,"msg":"Script loaded: \u001b[35mthemes/next/scripts/merge-configs.js\u001b[39m","time":"2020-10-11T05:54:28.188Z","v":0}
{"name":"hexo","hostname":"luoxianmingdeMacBook-Pro.local","pid":5189,"level":20,"msg":"Script loaded: \u001b[35mthemes/next/scripts/merge.js\u001b[39m","time":"2020-10-11T05:54:28.190Z","v":0}
{"name":"hexo","hostname":"luoxianmingdeMacBook-Pro.local","pid":5189,"level":20,"msg":"Script loaded: \u001b[35mthemes/next/scripts/tags/button.js\u001b[39m","time":"2020-10-11T05:54:28.190Z","v":0}
{"name":"hexo","hostname":"luoxianmingdeMacBook-Pro.local","pid":5189,"level":20,"msg":"Script loaded: \u001b[35mthemes/next/scripts/tags/center-quote.js\u001b[39m","time":"2020-10-11T05:54:28.190Z","v":0}
{"name":"hexo","hostname":"luoxianmingdeMacBook-Pro.local","pid":5189,"level":20,"msg":"Script loaded: \u001b[35mthemes/next/scripts/tags/exturl.js\u001b[39m","time":"2020-10-11T05:54:28.191Z","v":0}
{"name":"hexo","hostname":"luoxianmingdeMacBook-Pro.local","pid":5189,"level":20,"msg":"Script loaded: \u001b[35mthemes/next/scripts/tags/full-image.js\u001b[39m","time":"2020-10-11T05:54:28.191Z","v":0}
{"name":"hexo","hostname":"luoxianmingdeMacBook-Pro.local","pid":5189,"level":20,"msg":"Script loaded: \u001b[35mthemes/next/scripts/tags/group-pictures.js\u001b[39m","time":"2020-10-11T05:54:28.191Z","v":0}
{"name":"hexo","hostname":"luoxianmingdeMacBook-Pro.local","pid":5189,"level":20,"msg":"Script loaded: \u001b[35mthemes/next/scripts/tags/label.js\u001b[39m","time":"2020-10-11T05:54:28.191Z","v":0}
{"name":"hexo","hostname":"luoxianmingdeMacBook-Pro.local","pid":5189,"level":20,"msg":"Script loaded: \u001b[35mthemes/next/scripts/tags/lazy-image.js\u001b[39m","time":"2020-10-11T05:54:28.192Z","v":0}
{"name":"hexo","hostname":"luoxianmingdeMacBook-Pro.local","pid":5189,"level":20,"msg":"Script loaded: \u001b[35mthemes/next/scripts/tags/note.js\u001b[39m","time":"2020-10-11T05:54:28.192Z","v":0}
{"name":"hexo","hostname":"luoxianmingdeMacBook-Pro.local","pid":5189,"level":20,"msg":"Script loaded: \u001b[35mthemes/next/scripts/tags/tabs.js\u001b[39m","time":"2020-10-11T05:54:28.192Z","v":0}
